Using pre-set license
Built from '2022.3/staging' branch; Version is '2022.3.8f1 (b5eafc012955) revision 11922172'; Using compiler version '192829333'; Build Type 'Release'
OS: 'Windows 10  (10.0.19044) 64bit Core' Language: 'en' Physical Memory: 16314 MB
BatchMode: 1, IsHumanControllingUs: 0, StartBugReporterOnCrash: 0, Is64bit: 1, IsPro: 1

COMMAND LINE ARGUMENTS:
C:\Program Files\Unity\Hub\Editor\2022.3.8f1\Editor\Unity.exe
-adb2
-batchMode
-noUpm
-name
AssetImportWorker0
-projectPath
C:/Users/liamw/OneDrive/Documents/GitHub/AbyssRising
-logFile
Logs/AssetImportWorker0.log
-srvPort
59994
Successfully changed project path to: C:/Users/liamw/OneDrive/Documents/GitHub/AbyssRising
C:/Users/liamw/OneDrive/Documents/GitHub/AbyssRising
[UnityMemory] Configuration Parameters - Can be set up in boot.config
    "memorysetup-bucket-allocator-granularity=16"
    "memorysetup-bucket-allocator-bucket-count=8"
    "memorysetup-bucket-allocator-block-size=33554432"
    "memorysetup-bucket-allocator-block-count=8"
    "memorysetup-main-allocator-block-size=16777216"
    "memorysetup-thread-allocator-block-size=16777216"
    "memorysetup-gfx-main-allocator-block-size=16777216"
    "memorysetup-gfx-thread-allocator-block-size=16777216"
    "memorysetup-cache-allocator-block-size=4194304"
    "memorysetup-typetree-allocator-block-size=2097152"
    "memorysetup-profiler-bucket-allocator-granularity=16"
    "memorysetup-profiler-bucket-allocator-bucket-count=8"
    "memorysetup-profiler-bucket-allocator-block-size=33554432"
    "memorysetup-profiler-bucket-allocator-block-count=8"
    "memorysetup-profiler-allocator-block-size=16777216"
    "memorysetup-profiler-editor-allocator-block-size=1048576"
    "memorysetup-temp-allocator-size-main=16777216"
    "memorysetup-job-temp-allocator-block-size=2097152"
    "memorysetup-job-temp-allocator-block-size-background=1048576"
    "memorysetup-job-temp-allocator-reduction-small-platforms=262144"
    "memorysetup-allocator-temp-initial-block-size-main=262144"
    "memorysetup-allocator-temp-initial-block-size-worker=262144"
    "memorysetup-temp-allocator-size-background-worker=32768"
    "memorysetup-temp-allocator-size-job-worker=262144"
    "memorysetup-temp-allocator-size-preload-manager=33554432"
    "memorysetup-temp-allocator-size-nav-mesh-worker=65536"
    "memorysetup-temp-allocator-size-audio-worker=65536"
    "memorysetup-temp-allocator-size-cloud-worker=32768"
    "memorysetup-temp-allocator-size-gi-baking-worker=262144"
    "memorysetup-temp-allocator-size-gfx=262144"
Player connection [4988] Host "[IP] 192.168.0.104 [Port] 0 [Flags] 2 [Guid] 1310847136 [EditorId] 1310847136 [Version] 1048832 [Id] WindowsEditor(7,GameCrafter-LW) [Debug] 1 [PackageName] WindowsEditor [ProjectName] Editor" joined multi-casting on [225.0.0.222:54997]...

Player connection [4988] Host "[IP] 192.168.0.104 [Port] 0 [Flags] 2 [Guid] 1310847136 [EditorId] 1310847136 [Version] 1048832 [Id] WindowsEditor(7,GameCrafter-LW) [Debug] 1 [PackageName] WindowsEditor [ProjectName] Editor" joined alternative multi-casting on [225.0.0.222:34997]...

[Physics::Module] Initialized MultithreadedJobDispatcher with 15 workers.
Refreshing native plugins compatible for Editor in 24.56 ms, found 5 plugins.
Preloading 0 native plugins for Editor in 0.00 ms.
Initialize engine version: 2022.3.8f1 (b5eafc012955)
[Subsystems] Discovering subsystems at path C:/Program Files/Unity/Hub/Editor/2022.3.8f1/Editor/Data/Resources/UnitySubsystems
[Subsystems] Discovering subsystems at path C:/Users/liamw/OneDrive/Documents/GitHub/AbyssRising/Assets
GfxDevice: creating device client; threaded=0; jobified=0
Direct3D:
    Version:  Direct3D 11.0 [level 11.1]
    Renderer: NVIDIA GeForce RTX 2060 SUPER (ID=0x1f06)
    Vendor:   NVIDIA
    VRAM:     8006 MB
    Driver:   32.0.15.6094
Initialize mono
Mono path[0] = 'C:/Program Files/Unity/Hub/Editor/2022.3.8f1/Editor/Data/Managed'
Mono path[1] = 'C:/Program Files/Unity/Hub/Editor/2022.3.8f1/Editor/Data/MonoBleedingEdge/lib/mono/unityjit-win32'
Mono config path = 'C:/Program Files/Unity/Hub/Editor/2022.3.8f1/Editor/Data/MonoBleedingEdge/etc'
Using monoOptions --debugger-agent=transport=dt_socket,embedding=1,server=y,suspend=n,address=127.0.0.1:56792
Begin MonoManager ReloadAssembly
Registering precompiled unity dll's ...
Register platform support module: C:/Program Files/Unity/Hub/Editor/2022.3.8f1/Editor/Data/PlaybackEngines/WindowsStandaloneSupport/UnityEditor.WindowsStandalone.Extensions.dll
Registered in 0.014846 seconds.
- Loaded All Assemblies, in  0.448 seconds
Native extension for WindowsStandalone target not found
Mono: successfully reloaded assembly
- Finished resetting the current domain, in  0.323 seconds
Domain Reload Profiling: 766ms
	BeginReloadAssembly (142ms)
		ExecutionOrderSort (0ms)
		DisableScriptedObjects (0ms)
		BackupInstance (0ms)
		ReleaseScriptingObjects (0ms)
		CreateAndSetChildDomain (1ms)
	RebuildCommonClasses (43ms)
	RebuildNativeTypeToScriptingClass (12ms)
	initialDomainReloadingComplete (85ms)
	LoadAllAssembliesAndSetupDomain (162ms)
		LoadAssemblies (138ms)
		RebuildTransferFunctionScriptingTraits (0ms)
		AnalyzeDomain (159ms)
			TypeCache.Refresh (158ms)
				TypeCache.ScanAssembly (143ms)
			ScanForSourceGeneratedMonoScriptInfo (0ms)
			ResolveRequiredComponents (1ms)
	FinalizeReload (323ms)
		ReleaseScriptCaches (0ms)
		RebuildScriptCaches (0ms)
		SetupLoadedEditorAssemblies (251ms)
			LogAssemblyErrors (0ms)
			InitializePlatformSupportModulesInManaged (15ms)
			SetLoadedEditorAssemblies (8ms)
			RefreshPlugins (0ms)
			BeforeProcessingInitializeOnLoad (2ms)
			ProcessInitializeOnLoadAttributes (155ms)
			ProcessInitializeOnLoadMethodAttributes (70ms)
			AfterProcessingInitializeOnLoad (0ms)
			EditorAssembliesLoaded (0ms)
		ExecutionOrderSort2 (0ms)
		AwakeInstancesAfterBackupRestoration (0ms)
========================================================================
Worker process is ready to serve import requests
Begin MonoManager ReloadAssembly
- Loaded All Assemblies, in  1.083 seconds
Refreshing native plugins compatible for Editor in 9.98 ms, found 5 plugins.
Native extension for WindowsStandalone target not found
[MODES] ModeService[none].Initialize
[MODES] ModeService[none].LoadModes
[MODES] Loading mode Default (0) for mode-current-id-AbyssRising
Package Manager log level set to [2]
[Package Manager] Server::EnsureServerProcessIsRunning -- launch failed, reason: Unity was launched with the -noUpm command-line argument
[Package Manager] UpmClient::Send -- Unable to send message (not connected to UPM process).
[Package Manager] Cannot connect to Unity Package Manager local server
Mono: successfully reloaded assembly
- Finished resetting the current domain, in  1.281 seconds
Domain Reload Profiling: 2351ms
	BeginReloadAssembly (205ms)
		ExecutionOrderSort (0ms)
		DisableScriptedObjects (7ms)
		BackupInstance (0ms)
		ReleaseScriptingObjects (0ms)
		CreateAndSetChildDomain (27ms)
	RebuildCommonClasses (46ms)
	RebuildNativeTypeToScriptingClass (12ms)
	initialDomainReloadingComplete (63ms)
	LoadAllAssembliesAndSetupDomain (743ms)
		LoadAssemblies (556ms)
		RebuildTransferFunctionScriptingTraits (0ms)
		AnalyzeDomain (312ms)
			TypeCache.Refresh (266ms)
				TypeCache.ScanAssembly (245ms)
			ScanForSourceGeneratedMonoScriptInfo (37ms)
			ResolveRequiredComponents (7ms)
	FinalizeReload (1282ms)
		ReleaseScriptCaches (0ms)
		RebuildScriptCaches (0ms)
		SetupLoadedEditorAssemblies (1063ms)
			LogAssemblyErrors (0ms)
			InitializePlatformSupportModulesInManaged (10ms)
			SetLoadedEditorAssemblies (4ms)
			RefreshPlugins (0ms)
			BeforeProcessingInitializeOnLoad (133ms)
			ProcessInitializeOnLoadAttributes (857ms)
			ProcessInitializeOnLoadMethodAttributes (44ms)
			AfterProcessingInitializeOnLoad (15ms)
			EditorAssembliesLoaded (0ms)
		ExecutionOrderSort2 (0ms)
		AwakeInstancesAfterBackupRestoration (11ms)
Launched and connected shader compiler UnityShaderCompiler.exe after 0.06 seconds
Refreshing native plugins compatible for Editor in 14.49 ms, found 5 plugins.
Preloading 0 native plugins for Editor in 0.00 ms.
Unloading 5699 Unused Serialized files (Serialized files now loaded: 0)
Unloading 117 unused Assets / (1.5 MB). Loaded Objects now: 6157.
Memory consumption went from 195.4 MB to 193.8 MB.
Total: 11.576000 ms (FindLiveObjects: 0.907200 ms CreateObjectMapping: 0.625900 ms MarkObjects: 9.025400 ms  DeleteObjects: 1.014800 ms)

AssetImportParameters requested are different than current active one (requested -> active):
  custom:container-demuxer-ogg: 62fdf1f143b41e24485cea50d1cbac27 -> 
  custom:video-decoder-ogg-theora: a1e56fd34408186e4bbccfd4996cb3dc -> 
  custom:framework-win-MediaFoundation: 216162199b28c13a410421893ffa2e32 -> 
  custom:container-demuxer-webm: 4f35f7cbe854078d1ac9338744f61a02 -> 
  custom:container-muxer-webm: aa71ff27fc2769a1b78a27578f13a17b -> 
  custom:video-decoder-webm-vp8: 9c59270c3fd7afecdb556c50c9e8de78 -> 
  custom:AudioImporter_EditorPlatform: d09bf68614088b80899f8185d706f6e7 -> 
  custom:video-encoder-webm-vp8: eb34c28f22e8b96e1ab97ce403110664 -> 
  custom:audio-decoder-ogg-vorbis: bf7c407c2cedff20999df2af8eb42d56 -> 
  custom:audio-encoder-webm-vorbis: bf7c407c2cedff20999df2af8eb42d56 -> 
========================================================================
Received Import Request.
  Time since last request: 47365.893174 seconds.
  path: Assets/dejavu10x10_gs_tc_NoBackground.png
  artifactKey: Guid(26d19299c110d0c4cb509ae7b1de747c) Importer(815301076,1909f56bfc062723c751e8b465ee728b)
Start importing Assets/dejavu10x10_gs_tc_NoBackground.png using Guid(26d19299c110d0c4cb509ae7b1de747c) Importer(815301076,1909f56bfc062723c751e8b465ee728b)  -> (artifact id: 'aa961fea51861223f5346f6e027f7012') in 0.093482 seconds
Number of updated asset objects reloaded before import = 0
Number of asset objects unloaded after import = 2
========================================================================
Received Prepare
Refreshing native plugins compatible for Editor in 9.86 ms, found 5 plugins.
Preloading 0 native plugins for Editor in 0.00 ms.
Unloading 17 Unused Serialized files (Serialized files now loaded: 0)
Unloading 18 unused Assets / (1.5 MB). Loaded Objects now: 6160.
Memory consumption went from 91.7 MB to 90.2 MB.
Total: 5.905700 ms (FindLiveObjects: 0.519100 ms CreateObjectMapping: 0.153700 ms MarkObjects: 4.828700 ms  DeleteObjects: 0.402900 ms)

Prepare: number of updated asset objects reloaded= 0
AssetImportParameters requested are different than current active one (requested -> active):
  custom:container-demuxer-ogg: 62fdf1f143b41e24485cea50d1cbac27 -> 
  custom:video-decoder-ogg-theora: a1e56fd34408186e4bbccfd4996cb3dc -> 
  custom:framework-win-MediaFoundation: 216162199b28c13a410421893ffa2e32 -> 
  custom:CustomObjectIndexerAttribute: 756ad292c208cfabdd7b50bc23989ffe -> 
  custom:container-demuxer-webm: 4f35f7cbe854078d1ac9338744f61a02 -> 
  custom:container-muxer-webm: aa71ff27fc2769a1b78a27578f13a17b -> 
  custom:video-decoder-webm-vp8: 9c59270c3fd7afecdb556c50c9e8de78 -> 
  custom:SearchIndexIgnoredProperties: e643bd26f0fe6173181afceb89e7c659 -> 
  custom:AudioImporter_EditorPlatform: d09bf68614088b80899f8185d706f6e7 -> 
  custom:video-encoder-webm-vp8: eb34c28f22e8b96e1ab97ce403110664 -> 
  custom:audio-decoder-ogg-vorbis: bf7c407c2cedff20999df2af8eb42d56 -> 
  custom:audio-encoder-webm-vorbis: bf7c407c2cedff20999df2af8eb42d56 -> 
========================================================================
Received Import Request.
  Time since last request: 47.111424 seconds.
  path: Assets/dejavu10x10_gs_tc_NoBackground.png
  artifactKey: Guid(26d19299c110d0c4cb509ae7b1de747c) Importer(815301076,1909f56bfc062723c751e8b465ee728b)
Start importing Assets/dejavu10x10_gs_tc_NoBackground.png using Guid(26d19299c110d0c4cb509ae7b1de747c) Importer(815301076,1909f56bfc062723c751e8b465ee728b)  -> (artifact id: '611d7ab7e80775e39cd4b211e80d1a0d') in 0.405893 seconds
Number of updated asset objects reloaded before import = 0
Number of asset objects unloaded after import = 142
========================================================================
Received Import Request.
  Time since last request: 89.548978 seconds.
  path: Assets/Player.prefab
  artifactKey: Guid(b30ee268405e8514da79cadb04d653aa) Importer(815301076,1909f56bfc062723c751e8b465ee728b)
Start importing Assets/Player.prefab using Guid(b30ee268405e8514da79cadb04d653aa) Importer(815301076,1909f56bfc062723c751e8b465ee728b)  -> (artifact id: '2b89f190b3b6564aa964f45de56ba837') in 0.076968 seconds
Number of updated asset objects reloaded before import = 0
Number of asset objects unloaded after import = 7
========================================================================
Received Import Request.
  Time since last request: 59.173278 seconds.
  path: Assets/Resouses
  artifactKey: Guid(7bf8dfa43607992458fcb03d74c7f346) Importer(815301076,1909f56bfc062723c751e8b465ee728b)
Start importing Assets/Resouses using Guid(7bf8dfa43607992458fcb03d74c7f346) Importer(815301076,1909f56bfc062723c751e8b465ee728b)  -> (artifact id: 'b5aa36d46c400e5c60e904989e722b22') in 0.000637 seconds
Number of updated asset objects reloaded before import = 0
Number of asset objects unloaded after import = 0
========================================================================
Received Import Request.
  Time since last request: 15.546203 seconds.
  path: Assets/scripts
  artifactKey: Guid(4e7be4fceb6d4c14ab764ab24c160f22) Importer(815301076,1909f56bfc062723c751e8b465ee728b)
Start importing Assets/scripts using Guid(4e7be4fceb6d4c14ab764ab24c160f22) Importer(815301076,1909f56bfc062723c751e8b465ee728b)  -> (artifact id: '265bbb3f8452daabd6f01c6e924e18ca') in 0.000705 seconds
Number of updated asset objects reloaded before import = 0
Number of asset objects unloaded after import = 0
========================================================================
Received Import Request.
  Time since last request: 70.605289 seconds.
  path: Assets/scripts/Game Manager.cs
  artifactKey: Guid(eac68b7f7359bed4d967a21a20332f5a) Importer(815301076,1909f56bfc062723c751e8b465ee728b)
Start importing Assets/scripts/Game Manager.cs using Guid(eac68b7f7359bed4d967a21a20332f5a) Importer(815301076,1909f56bfc062723c751e8b465ee728b)  -> (artifact id: '6cc0520641f45d6107820d6200044243') in 0.000657 seconds
Number of updated asset objects reloaded before import = 0
Number of asset objects unloaded after import = 0
========================================================================
Received Import Request.
  Time since last request: 82.291651 seconds.
  path: Assets/scripts/PlayerMovement.cs
  artifactKey: Guid(f9e3dbd7c46ee8e4bb66194d02e97560) Importer(815301076,1909f56bfc062723c751e8b465ee728b)
Start importing Assets/scripts/PlayerMovement.cs using Guid(f9e3dbd7c46ee8e4bb66194d02e97560) Importer(815301076,1909f56bfc062723c751e8b465ee728b)  -> (artifact id: '8c17864731925b028776495460354ace') in 0.001107 seconds
Number of updated asset objects reloaded before import = 0
Number of asset objects unloaded after import = 0
========================================================================
Received Import Request.
  Time since last request: 121.602456 seconds.
  path: Assets/GameManager.cs
  artifactKey: Guid(33079d92ea382e144bd1b567bb63a737) Importer(815301076,1909f56bfc062723c751e8b465ee728b)
Start importing Assets/GameManager.cs using Guid(33079d92ea382e144bd1b567bb63a737) Importer(815301076,1909f56bfc062723c751e8b465ee728b)  -> (artifact id: '9c86629e44e62f664d86b10a1f381f2f') in 0.000627 seconds
Number of updated asset objects reloaded before import = 0
Number of asset objects unloaded after import = 0
========================================================================
Received Import Request.
  Time since last request: 23.158285 seconds.
  path: Assets/GameManager.cs
  artifactKey: Guid(33079d92ea382e144bd1b567bb63a737) Importer(815301076,1909f56bfc062723c751e8b465ee728b)
Start importing Assets/GameManager.cs using Guid(33079d92ea382e144bd1b567bb63a737) Importer(815301076,1909f56bfc062723c751e8b465ee728b)  -> (artifact id: '592a59fccc85930746952c0d26e66391') in 0.000953 seconds
Number of updated asset objects reloaded before import = 0
Number of asset objects unloaded after import = 0
========================================================================
Received Import Request.
  Time since last request: 61.339277 seconds.
  path: Assets/Scenes
  artifactKey: Guid(452fa33af1e538e47b31ac40b4ee59f1) Importer(815301076,1909f56bfc062723c751e8b465ee728b)
Start importing Assets/Scenes using Guid(452fa33af1e538e47b31ac40b4ee59f1) Importer(815301076,1909f56bfc062723c751e8b465ee728b)  -> (artifact id: 'd5141e8469a894a1716f593d23c8e4c1') in 0.000629 seconds
Number of updated asset objects reloaded before import = 0
Number of asset objects unloaded after import = 0
========================================================================
Received Import Request.
  Time since last request: 24.665835 seconds.
  path: Assets/Player.cs
  artifactKey: Guid(eae136a6b05529b45bdce662315bbdd8) Importer(815301076,1909f56bfc062723c751e8b465ee728b)
Start importing Assets/Player.cs using Guid(eae136a6b05529b45bdce662315bbdd8) Importer(815301076,1909f56bfc062723c751e8b465ee728b)  -> (artifact id: 'cc9254c4bf19798d61b8c3f755c66f76') in 0.000637 seconds
Number of updated asset objects reloaded before import = 0
Number of asset objects unloaded after import = 0
========================================================================
Received Import Request.
  Time since last request: 29.249580 seconds.
  path: Assets/Player.cs
  artifactKey: Guid(eae136a6b05529b45bdce662315bbdd8) Importer(815301076,1909f56bfc062723c751e8b465ee728b)
Start importing Assets/Player.cs using Guid(eae136a6b05529b45bdce662315bbdd8) Importer(815301076,1909f56bfc062723c751e8b465ee728b)  -> (artifact id: '8ed7f51120e6dd310245d2ad1bcc71a2') in 0.000915 seconds
Number of updated asset objects reloaded before import = 0
Number of asset objects unloaded after import = 0
========================================================================
Received Import Request.
  Time since last request: 28.475333 seconds.
  path: Assets/Resouses/Player.prefab
  artifactKey: Guid(b30ee268405e8514da79cadb04d653aa) Importer(815301076,1909f56bfc062723c751e8b465ee728b)
Start importing Assets/Resouses/Player.prefab using Guid(b30ee268405e8514da79cadb04d653aa) Importer(815301076,1909f56bfc062723c751e8b465ee728b)  -> (artifact id: '8b72200b94f5a824b3c840e9af249aa5') in 0.010190 seconds
Number of updated asset objects reloaded before import = 0
Number of asset objects unloaded after import = 8
========================================================================
Received Import Request.
  Time since last request: 6056.337370 seconds.
  path: Assets/scripts/Controls.cs
  artifactKey: Guid(84d3acccab950804bab24030ea93fc4e) Importer(815301076,1909f56bfc062723c751e8b465ee728b)
Start importing Assets/scripts/Controls.cs using Guid(84d3acccab950804bab24030ea93fc4e) Importer(815301076,1909f56bfc062723c751e8b465ee728b)  -> (artifact id: '67acdec088ebce742b4d25f40e579dcc') in 0.000854 seconds
Number of updated asset objects reloaded before import = 0
Number of asset objects unloaded after import = 0
========================================================================
Received Import Request.
  Time since last request: 230.047296 seconds.
  path: Assets/scripts/Controls.inputactions
  artifactKey: Guid(7f244027c15d13c4391a1f1906138327) Importer(815301076,1909f56bfc062723c751e8b465ee728b)
Start importing Assets/scripts/Controls.inputactions using Guid(7f244027c15d13c4391a1f1906138327) Importer(815301076,1909f56bfc062723c751e8b465ee728b)  -> (artifact id: 'a67ca75803bf6904e943394f43fd61f6') in 0.010053 seconds
Number of updated asset objects reloaded before import = 0
Number of asset objects unloaded after import = 3
========================================================================
Received Import Request.
  Time since last request: 5.009874 seconds.
  path: Assets/scripts/Controls.cs
  artifactKey: Guid(84d3acccab950804bab24030ea93fc4e) Importer(815301076,1909f56bfc062723c751e8b465ee728b)
Start importing Assets/scripts/Controls.cs using Guid(84d3acccab950804bab24030ea93fc4e) Importer(815301076,1909f56bfc062723c751e8b465ee728b)  -> (artifact id: 'd3ce50bd166cbb88d1fc8d9194e69372') in 0.000731 seconds
Number of updated asset objects reloaded before import = 0
Number of asset objects unloaded after import = 0
